2019-11-19 15:20:55,782; client.py - line: 45 -DEBUG: Starting python client.
2019-11-19 15:20:55,782; client.py - line: 62 -INFO: Starting Unity...
2019-11-19 15:20:55,783; client.py - line: 63 -DEBUG: Starting: /home/haecker/Documents/src/git/python_unity_images/build/image.x86_64
2019-11-19 15:20:55,796; client.py - line: 73 -INFO: Waiting for unity...
2019-11-19 15:20:59,304; client.py - line: 112 -INFO: Client now connecting to server.
2019-11-19 15:20:59,304; client.py - line: 120 -DEBUG: Config data for TCP socket: host: 127.0.0.1; port: 50050
2019-11-19 15:20:59,305; client.py - line: 129 -INFO: Socket connected.
2019-11-19 15:20:59,305; client.py - line: 130 -DEBUG: Saving TCP config to self.relative_path_TCPsocket_config.

2019-11-19 15:20:59,308; dataset.py - line: 26 -DEBUG: Create config.
2019-11-19 15:20:59,308; dataset.py - line: 34 -DEBUG: Dataset initialised.

2019-11-19 15:20:59,313; dataset.py - line: 253 -DEBUG: TotalArms_Segment: [1, 1, 1]
2019-11-19 15:20:59,314; client.py - line: 165 -DEBUG: Json string with change request sent.

2019-11-19 15:20:59,315; client.py - line: 201 -DEBUG: Json string sent.

2019-11-19 15:20:59,416; client.py - line: 182 -DEBUG: Timeout -> exit _receiveData()
2019-11-19 15:20:59,416; client.py - line: 183 -DEBUG: data_complete: type: <class 'bytearray'>, data_complete len: 1, data_complete [:10]: bytearray(b'\x00')
2019-11-19 15:20:59,416; client.py - line: 207 -DEBUG: Trying to recive data.
2019-11-19 15:20:59,571; client.py - line: 182 -DEBUG: Timeout -> exit _receiveData()
2019-11-19 15:20:59,571; client.py - line: 183 -DEBUG: data_complete: type: <class 'bytearray'>, data_complete len: 8691, data_complete [:10]: bytearray(b'\x00\x89PNG\r\n\x1a\n\x00')
2019-11-19 15:20:59,572; client.py - line: 207 -DEBUG: Trying to recive data.
2019-11-19 15:20:59,572; client.py - line: 210 -INFO: Data from Unity recived.
2019-11-19 15:20:59,572; client.py - line: 211 -DEBUG: End_tag detected, unity_resp_bytes[0:10]: bytearray(b'\x00\x89PNG\r\n\x1a\n\x00')
2019-11-19 15:20:59,572; client.py - line: 215 -DEBUG: img_bytes type: <class 'bytearray'>, img_bytes len: 8682, img_bytes[:10]: bytearray(b'\x89PNG\r\n\x1a\n\x00\x00')
2019-11-19 15:20:59,592; client.py - line: 218 -DEBUG: PIL Img: type: <class 'PIL.PngImagePlugin.PngImageFile'> 
2019-11-19 15:20:59,617; client.py - line: 220 -DEBUG: Returning img: type: <class 'numpy.ndarray'> 

2019-11-19 15:20:59,618; dataset.py - line: 600 -DEBUG: index: 439
2019-11-19 15:20:59,618; dataset.py - line: 602 -DEBUG: index: 440
2019-11-19 15:20:59,620; dataset.py - line: 253 -DEBUG: TotalArms_Segment: [2, 1, 1, 2, 2, 2, 1]
2019-11-19 15:20:59,621; client.py - line: 165 -DEBUG: Json string with change request sent.

2019-11-19 15:20:59,622; client.py - line: 201 -DEBUG: Json string sent.

2019-11-19 15:20:59,722; client.py - line: 182 -DEBUG: Timeout -> exit _receiveData()
2019-11-19 15:20:59,723; client.py - line: 183 -DEBUG: data_complete: type: <class 'bytearray'>, data_complete len: 1, data_complete [:10]: bytearray(b'\x00')
2019-11-19 15:20:59,723; client.py - line: 207 -DEBUG: Trying to recive data.
2019-11-19 15:20:59,829; client.py - line: 182 -DEBUG: Timeout -> exit _receiveData()
2019-11-19 15:20:59,830; client.py - line: 183 -DEBUG: data_complete: type: <class 'bytearray'>, data_complete len: 8018, data_complete [:10]: bytearray(b'\x00\x89PNG\r\n\x1a\n\x00')
2019-11-19 15:20:59,830; client.py - line: 207 -DEBUG: Trying to recive data.
2019-11-19 15:20:59,830; client.py - line: 210 -INFO: Data from Unity recived.
2019-11-19 15:20:59,830; client.py - line: 211 -DEBUG: End_tag detected, unity_resp_bytes[0:10]: bytearray(b'\x00\x89PNG\r\n\x1a\n\x00')
2019-11-19 15:20:59,830; client.py - line: 215 -DEBUG: img_bytes type: <class 'bytearray'>, img_bytes len: 8009, img_bytes[:10]: bytearray(b'\x89PNG\r\n\x1a\n\x00\x00')
2019-11-19 15:20:59,831; client.py - line: 218 -DEBUG: PIL Img: type: <class 'PIL.PngImagePlugin.PngImageFile'> 
2019-11-19 15:20:59,847; client.py - line: 220 -DEBUG: Returning img: type: <class 'numpy.ndarray'> 

2019-11-19 15:20:59,847; dataset.py - line: 600 -DEBUG: index: 440
2019-11-19 15:20:59,848; dataset.py - line: 602 -DEBUG: index: 441
2019-11-19 15:20:59,849; dataset.py - line: 253 -DEBUG: TotalArms_Segment: [1, 2, 1, 1, 1, 1]
2019-11-19 15:20:59,850; client.py - line: 165 -DEBUG: Json string with change request sent.

2019-11-19 15:20:59,851; client.py - line: 201 -DEBUG: Json string sent.

2019-11-19 15:20:59,951; client.py - line: 182 -DEBUG: Timeout -> exit _receiveData()
2019-11-19 15:20:59,951; client.py - line: 183 -DEBUG: data_complete: type: <class 'bytearray'>, data_complete len: 1, data_complete [:10]: bytearray(b'\x00')
2019-11-19 15:20:59,951; client.py - line: 207 -DEBUG: Trying to recive data.
2019-11-19 15:21:00,068; client.py - line: 182 -DEBUG: Timeout -> exit _receiveData()
2019-11-19 15:21:00,069; client.py - line: 183 -DEBUG: data_complete: type: <class 'bytearray'>, data_complete len: 7724, data_complete [:10]: bytearray(b'\x00\x89PNG\r\n\x1a\n\x00')
2019-11-19 15:21:00,069; client.py - line: 207 -DEBUG: Trying to recive data.
2019-11-19 15:21:00,069; client.py - line: 210 -INFO: Data from Unity recived.
2019-11-19 15:21:00,069; client.py - line: 211 -DEBUG: End_tag detected, unity_resp_bytes[0:10]: bytearray(b'\x00\x89PNG\r\n\x1a\n\x00')
2019-11-19 15:21:00,069; client.py - line: 215 -DEBUG: img_bytes type: <class 'bytearray'>, img_bytes len: 7715, img_bytes[:10]: bytearray(b'\x89PNG\r\n\x1a\n\x00\x00')
2019-11-19 15:21:00,070; client.py - line: 218 -DEBUG: PIL Img: type: <class 'PIL.PngImagePlugin.PngImageFile'> 
2019-11-19 15:21:00,077; client.py - line: 220 -DEBUG: Returning img: type: <class 'numpy.ndarray'> 

2019-11-19 15:21:00,078; dataset.py - line: 600 -DEBUG: index: 441
2019-11-19 15:21:00,078; dataset.py - line: 602 -DEBUG: index: 442
2019-11-19 15:21:00,079; dataset.py - line: 253 -DEBUG: TotalArms_Segment: [1, 1, 1, 1, 1, 1, 1, 1]
2019-11-19 15:21:00,081; client.py - line: 165 -DEBUG: Json string with change request sent.

2019-11-19 15:21:00,082; client.py - line: 201 -DEBUG: Json string sent.

2019-11-19 15:21:00,300; client.py - line: 182 -DEBUG: Timeout -> exit _receiveData()
2019-11-19 15:21:00,300; client.py - line: 183 -DEBUG: data_complete: type: <class 'bytearray'>, data_complete len: 18335, data_complete [:10]: bytearray(b'\x00\x89PNG\r\n\x1a\n\x00')
2019-11-19 15:21:00,301; client.py - line: 207 -DEBUG: Trying to recive data.
2019-11-19 15:21:00,301; client.py - line: 210 -INFO: Data from Unity recived.
2019-11-19 15:21:00,301; client.py - line: 211 -DEBUG: End_tag detected, unity_resp_bytes[0:10]: bytearray(b'\x00\x89PNG\r\n\x1a\n\x00')
2019-11-19 15:21:00,302; client.py - line: 215 -DEBUG: img_bytes type: <class 'bytearray'>, img_bytes len: 18326, img_bytes[:10]: bytearray(b'\x89PNG\r\n\x1a\n\x00\x00')
2019-11-19 15:21:00,303; client.py - line: 218 -DEBUG: PIL Img: type: <class 'PIL.PngImagePlugin.PngImageFile'> 
2019-11-19 15:21:00,313; client.py - line: 220 -DEBUG: Returning img: type: <class 'numpy.ndarray'> 

2019-11-19 15:21:00,314; dataset.py - line: 600 -DEBUG: index: 442
2019-11-19 15:21:00,315; dataset.py - line: 602 -DEBUG: index: 443
2019-11-19 15:21:00,316; dataset.py - line: 253 -DEBUG: TotalArms_Segment: [1, 1, 1, 2, 1, 1, 1, 1, 1]
2019-11-19 15:21:00,317; client.py - line: 165 -DEBUG: Json string with change request sent.

2019-11-19 15:21:00,317; client.py - line: 201 -DEBUG: Json string sent.

2019-11-19 15:21:00,508; client.py - line: 182 -DEBUG: Timeout -> exit _receiveData()
2019-11-19 15:21:00,508; client.py - line: 183 -DEBUG: data_complete: type: <class 'bytearray'>, data_complete len: 10566, data_complete [:10]: bytearray(b'\x00\x89PNG\r\n\x1a\n\x00')
2019-11-19 15:21:00,508; client.py - line: 207 -DEBUG: Trying to recive data.
2019-11-19 15:21:00,508; client.py - line: 210 -INFO: Data from Unity recived.
2019-11-19 15:21:00,508; client.py - line: 211 -DEBUG: End_tag detected, unity_resp_bytes[0:10]: bytearray(b'\x00\x89PNG\r\n\x1a\n\x00')
2019-11-19 15:21:00,508; client.py - line: 215 -DEBUG: img_bytes type: <class 'bytearray'>, img_bytes len: 10557, img_bytes[:10]: bytearray(b'\x89PNG\r\n\x1a\n\x00\x00')
2019-11-19 15:21:00,508; client.py - line: 218 -DEBUG: PIL Img: type: <class 'PIL.PngImagePlugin.PngImageFile'> 
2019-11-19 15:21:00,516; client.py - line: 220 -DEBUG: Returning img: type: <class 'numpy.ndarray'> 

2019-11-19 15:21:00,516; dataset.py - line: 600 -DEBUG: index: 443
2019-11-19 15:21:00,517; dataset.py - line: 602 -DEBUG: index: 444
2019-11-19 15:21:00,518; dataset.py - line: 253 -DEBUG: TotalArms_Segment: [1, 1, 1, 1]
2019-11-19 15:21:00,518; client.py - line: 165 -DEBUG: Json string with change request sent.

2019-11-19 15:21:00,518; client.py - line: 201 -DEBUG: Json string sent.

2019-11-19 15:21:00,700; client.py - line: 182 -DEBUG: Timeout -> exit _receiveData()
2019-11-19 15:21:00,701; client.py - line: 183 -DEBUG: data_complete: type: <class 'bytearray'>, data_complete len: 10936, data_complete [:10]: bytearray(b'\x00\x89PNG\r\n\x1a\n\x00')
2019-11-19 15:21:00,701; client.py - line: 207 -DEBUG: Trying to recive data.
2019-11-19 15:21:00,701; client.py - line: 210 -INFO: Data from Unity recived.
2019-11-19 15:21:00,701; client.py - line: 211 -DEBUG: End_tag detected, unity_resp_bytes[0:10]: bytearray(b'\x00\x89PNG\r\n\x1a\n\x00')
2019-11-19 15:21:00,701; client.py - line: 215 -DEBUG: img_bytes type: <class 'bytearray'>, img_bytes len: 10927, img_bytes[:10]: bytearray(b'\x89PNG\r\n\x1a\n\x00\x00')
2019-11-19 15:21:00,702; client.py - line: 218 -DEBUG: PIL Img: type: <class 'PIL.PngImagePlugin.PngImageFile'> 
2019-11-19 15:21:00,709; client.py - line: 220 -DEBUG: Returning img: type: <class 'numpy.ndarray'> 

2019-11-19 15:21:00,711; dataset.py - line: 600 -DEBUG: index: 444
2019-11-19 15:21:00,713; dataset.py - line: 602 -DEBUG: index: 445
2019-11-19 15:21:00,715; dataset.py - line: 253 -DEBUG: TotalArms_Segment: [1, 1, 1, 1, 1, 1, 1, 1, 1]
2019-11-19 15:21:00,717; client.py - line: 165 -DEBUG: Json string with change request sent.

2019-11-19 15:21:00,718; client.py - line: 201 -DEBUG: Json string sent.

2019-11-19 15:21:00,900; client.py - line: 182 -DEBUG: Timeout -> exit _receiveData()
2019-11-19 15:21:00,900; client.py - line: 183 -DEBUG: data_complete: type: <class 'bytearray'>, data_complete len: 17435, data_complete [:10]: bytearray(b'\x00\x89PNG\r\n\x1a\n\x00')
2019-11-19 15:21:00,900; client.py - line: 207 -DEBUG: Trying to recive data.
2019-11-19 15:21:00,900; client.py - line: 210 -INFO: Data from Unity recived.
2019-11-19 15:21:00,900; client.py - line: 211 -DEBUG: End_tag detected, unity_resp_bytes[0:10]: bytearray(b'\x00\x89PNG\r\n\x1a\n\x00')
2019-11-19 15:21:00,900; client.py - line: 215 -DEBUG: img_bytes type: <class 'bytearray'>, img_bytes len: 17426, img_bytes[:10]: bytearray(b'\x89PNG\r\n\x1a\n\x00\x00')
2019-11-19 15:21:00,901; client.py - line: 218 -DEBUG: PIL Img: type: <class 'PIL.PngImagePlugin.PngImageFile'> 
2019-11-19 15:21:00,910; client.py - line: 220 -DEBUG: Returning img: type: <class 'numpy.ndarray'> 

2019-11-19 15:21:00,911; dataset.py - line: 600 -DEBUG: index: 445
2019-11-19 15:21:00,911; dataset.py - line: 602 -DEBUG: index: 446
2019-11-19 15:21:00,913; dataset.py - line: 253 -DEBUG: TotalArms_Segment: [2, 1, 1, 1, 1, 1, 2]
2019-11-19 15:21:00,914; client.py - line: 165 -DEBUG: Json string with change request sent.

2019-11-19 15:21:00,914; client.py - line: 201 -DEBUG: Json string sent.

2019-11-19 15:21:01,016; client.py - line: 182 -DEBUG: Timeout -> exit _receiveData()
2019-11-19 15:21:01,016; client.py - line: 183 -DEBUG: data_complete: type: <class 'bytearray'>, data_complete len: 1, data_complete [:10]: bytearray(b'\x00')
2019-11-19 15:21:01,016; client.py - line: 207 -DEBUG: Trying to recive data.
2019-11-19 15:21:01,142; client.py - line: 182 -DEBUG: Timeout -> exit _receiveData()
2019-11-19 15:21:01,143; client.py - line: 183 -DEBUG: data_complete: type: <class 'bytearray'>, data_complete len: 18116, data_complete [:10]: bytearray(b'\x00\x89PNG\r\n\x1a\n\x00')
2019-11-19 15:21:01,143; client.py - line: 207 -DEBUG: Trying to recive data.
2019-11-19 15:21:01,144; client.py - line: 210 -INFO: Data from Unity recived.
2019-11-19 15:21:01,144; client.py - line: 211 -DEBUG: End_tag detected, unity_resp_bytes[0:10]: bytearray(b'\x00\x89PNG\r\n\x1a\n\x00')
2019-11-19 15:21:01,144; client.py - line: 215 -DEBUG: img_bytes type: <class 'bytearray'>, img_bytes len: 18107, img_bytes[:10]: bytearray(b'\x89PNG\r\n\x1a\n\x00\x00')
2019-11-19 15:21:01,144; client.py - line: 218 -DEBUG: PIL Img: type: <class 'PIL.PngImagePlugin.PngImageFile'> 
2019-11-19 15:21:01,154; client.py - line: 220 -DEBUG: Returning img: type: <class 'numpy.ndarray'> 

2019-11-19 15:21:01,154; dataset.py - line: 600 -DEBUG: index: 446
2019-11-19 15:21:01,155; dataset.py - line: 602 -DEBUG: index: 447
2019-11-19 15:21:01,176; dataset.py - line: 253 -DEBUG: TotalArms_Segment: [2, 1]
2019-11-19 15:21:01,177; client.py - line: 165 -DEBUG: Json string with change request sent.

2019-11-19 15:21:01,178; client.py - line: 201 -DEBUG: Json string sent.

2019-11-19 15:21:01,278; client.py - line: 182 -DEBUG: Timeout -> exit _receiveData()
2019-11-19 15:21:01,278; client.py - line: 183 -DEBUG: data_complete: type: <class 'bytearray'>, data_complete len: 1, data_complete [:10]: bytearray(b'\x00')
2019-11-19 15:21:01,278; client.py - line: 207 -DEBUG: Trying to recive data.
2019-11-19 15:21:01,385; client.py - line: 182 -DEBUG: Timeout -> exit _receiveData()
2019-11-19 15:21:01,385; client.py - line: 183 -DEBUG: data_complete: type: <class 'bytearray'>, data_complete len: 9169, data_complete [:10]: bytearray(b'\x00\x89PNG\r\n\x1a\n\x00')
2019-11-19 15:21:01,385; client.py - line: 207 -DEBUG: Trying to recive data.
2019-11-19 15:21:01,386; client.py - line: 210 -INFO: Data from Unity recived.
2019-11-19 15:21:01,386; client.py - line: 211 -DEBUG: End_tag detected, unity_resp_bytes[0:10]: bytearray(b'\x00\x89PNG\r\n\x1a\n\x00')
2019-11-19 15:21:01,386; client.py - line: 215 -DEBUG: img_bytes type: <class 'bytearray'>, img_bytes len: 9160, img_bytes[:10]: bytearray(b'\x89PNG\r\n\x1a\n\x00\x00')
2019-11-19 15:21:01,386; client.py - line: 218 -DEBUG: PIL Img: type: <class 'PIL.PngImagePlugin.PngImageFile'> 
2019-11-19 15:21:01,397; client.py - line: 220 -DEBUG: Returning img: type: <class 'numpy.ndarray'> 

2019-11-19 15:21:01,398; dataset.py - line: 600 -DEBUG: index: 447
2019-11-19 15:21:01,398; dataset.py - line: 602 -DEBUG: index: 448
2019-11-19 15:21:01,399; dataset.py - line: 253 -DEBUG: TotalArms_Segment: [2, 1, 1, 1, 1, 1]
2019-11-19 15:21:01,400; client.py - line: 165 -DEBUG: Json string with change request sent.

2019-11-19 15:21:01,403; client.py - line: 201 -DEBUG: Json string sent.

2019-11-19 15:21:01,594; client.py - line: 182 -DEBUG: Timeout -> exit _receiveData()
2019-11-19 15:21:01,594; client.py - line: 183 -DEBUG: data_complete: type: <class 'bytearray'>, data_complete len: 12303, data_complete [:10]: bytearray(b'\x00\x89PNG\r\n\x1a\n\x00')
2019-11-19 15:21:01,594; client.py - line: 207 -DEBUG: Trying to recive data.
2019-11-19 15:21:01,594; client.py - line: 210 -INFO: Data from Unity recived.
2019-11-19 15:21:01,595; client.py - line: 211 -DEBUG: End_tag detected, unity_resp_bytes[0:10]: bytearray(b'\x00\x89PNG\r\n\x1a\n\x00')
2019-11-19 15:21:01,595; client.py - line: 215 -DEBUG: img_bytes type: <class 'bytearray'>, img_bytes len: 12294, img_bytes[:10]: bytearray(b'\x89PNG\r\n\x1a\n\x00\x00')
2019-11-19 15:21:01,595; client.py - line: 218 -DEBUG: PIL Img: type: <class 'PIL.PngImagePlugin.PngImageFile'> 
2019-11-19 15:21:01,608; client.py - line: 220 -DEBUG: Returning img: type: <class 'numpy.ndarray'> 

2019-11-19 15:21:01,608; dataset.py - line: 600 -DEBUG: index: 448
2019-11-19 15:21:01,608; dataset.py - line: 602 -DEBUG: index: 449
2019-11-19 15:21:01,612; dataset.py - line: 253 -DEBUG: TotalArms_Segment: [1, 2, 1, 2, 1, 1]
2019-11-19 15:21:01,613; client.py - line: 165 -DEBUG: Json string with change request sent.

2019-11-19 15:21:01,614; client.py - line: 201 -DEBUG: Json string sent.

2019-11-19 15:21:01,714; client.py - line: 182 -DEBUG: Timeout -> exit _receiveData()
2019-11-19 15:21:01,714; client.py - line: 183 -DEBUG: data_complete: type: <class 'bytearray'>, data_complete len: 1, data_complete [:10]: bytearray(b'\x00')
2019-11-19 15:21:01,714; client.py - line: 207 -DEBUG: Trying to recive data.
2019-11-19 15:21:01,831; client.py - line: 182 -DEBUG: Timeout -> exit _receiveData()
2019-11-19 15:21:01,832; client.py - line: 183 -DEBUG: data_complete: type: <class 'bytearray'>, data_complete len: 26769, data_complete [:10]: bytearray(b'\x00\x89PNG\r\n\x1a\n\x00')
2019-11-19 15:21:01,833; client.py - line: 207 -DEBUG: Trying to recive data.
2019-11-19 15:21:01,833; client.py - line: 210 -INFO: Data from Unity recived.
2019-11-19 15:21:01,834; client.py - line: 211 -DEBUG: End_tag detected, unity_resp_bytes[0:10]: bytearray(b'\x00\x89PNG\r\n\x1a\n\x00')
2019-11-19 15:21:01,835; client.py - line: 215 -DEBUG: img_bytes type: <class 'bytearray'>, img_bytes len: 26760, img_bytes[:10]: bytearray(b'\x89PNG\r\n\x1a\n\x00\x00')
2019-11-19 15:21:01,835; client.py - line: 218 -DEBUG: PIL Img: type: <class 'PIL.PngImagePlugin.PngImageFile'> 
2019-11-19 15:21:01,853; client.py - line: 220 -DEBUG: Returning img: type: <class 'numpy.ndarray'> 

2019-11-19 15:21:01,853; dataset.py - line: 600 -DEBUG: index: 449
2019-11-19 15:21:01,854; dataset.py - line: 602 -DEBUG: index: 450
2019-11-19 15:21:01,855; dataset.py - line: 253 -DEBUG: TotalArms_Segment: [1, 1, 1, 2, 1]
2019-11-19 15:21:01,856; client.py - line: 165 -DEBUG: Json string with change request sent.

2019-11-19 15:21:01,857; client.py - line: 201 -DEBUG: Json string sent.

2019-11-19 15:21:02,054; client.py - line: 182 -DEBUG: Timeout -> exit _receiveData()
2019-11-19 15:21:02,054; client.py - line: 183 -DEBUG: data_complete: type: <class 'bytearray'>, data_complete len: 12130, data_complete [:10]: bytearray(b'\x00\x89PNG\r\n\x1a\n\x00')
2019-11-19 15:21:02,054; client.py - line: 207 -DEBUG: Trying to recive data.
2019-11-19 15:21:02,054; client.py - line: 210 -INFO: Data from Unity recived.
2019-11-19 15:21:02,055; client.py - line: 211 -DEBUG: End_tag detected, unity_resp_bytes[0:10]: bytearray(b'\x00\x89PNG\r\n\x1a\n\x00')
2019-11-19 15:21:02,055; client.py - line: 215 -DEBUG: img_bytes type: <class 'bytearray'>, img_bytes len: 12121, img_bytes[:10]: bytearray(b'\x89PNG\r\n\x1a\n\x00\x00')
2019-11-19 15:21:02,055; client.py - line: 218 -DEBUG: PIL Img: type: <class 'PIL.PngImagePlugin.PngImageFile'> 
2019-11-19 15:21:02,064; client.py - line: 220 -DEBUG: Returning img: type: <class 'numpy.ndarray'> 

2019-11-19 15:21:02,064; dataset.py - line: 600 -DEBUG: index: 450
2019-11-19 15:21:02,065; dataset.py - line: 602 -DEBUG: index: 451
2019-11-19 15:21:02,073; dataset.py - line: 253 -DEBUG: TotalArms_Segment: [1, 1, 1, 1, 1, 1, 1, 1, 1, 1]
2019-11-19 15:21:02,074; client.py - line: 165 -DEBUG: Json string with change request sent.

2019-11-19 15:21:02,074; client.py - line: 201 -DEBUG: Json string sent.

2019-11-19 15:21:02,174; client.py - line: 182 -DEBUG: Timeout -> exit _receiveData()
2019-11-19 15:21:02,174; client.py - line: 183 -DEBUG: data_complete: type: <class 'bytearray'>, data_complete len: 1, data_complete [:10]: bytearray(b'\x00')
2019-11-19 15:21:02,175; client.py - line: 207 -DEBUG: Trying to recive data.
2019-11-19 15:21:02,288; client.py - line: 182 -DEBUG: Timeout -> exit _receiveData()
2019-11-19 15:21:02,289; client.py - line: 183 -DEBUG: data_complete: type: <class 'bytearray'>, data_complete len: 28691, data_complete [:10]: bytearray(b'\x00\x89PNG\r\n\x1a\n\x00')
2019-11-19 15:21:02,290; client.py - line: 207 -DEBUG: Trying to recive data.
2019-11-19 15:21:02,290; client.py - line: 210 -INFO: Data from Unity recived.
2019-11-19 15:21:02,290; client.py - line: 211 -DEBUG: End_tag detected, unity_resp_bytes[0:10]: bytearray(b'\x00\x89PNG\r\n\x1a\n\x00')
2019-11-19 15:21:02,291; client.py - line: 215 -DEBUG: img_bytes type: <class 'bytearray'>, img_bytes len: 28682, img_bytes[:10]: bytearray(b'\x89PNG\r\n\x1a\n\x00\x00')
2019-11-19 15:21:02,291; client.py - line: 218 -DEBUG: PIL Img: type: <class 'PIL.PngImagePlugin.PngImageFile'> 
2019-11-19 15:21:02,301; client.py - line: 220 -DEBUG: Returning img: type: <class 'numpy.ndarray'> 

2019-11-19 15:21:02,301; dataset.py - line: 600 -DEBUG: index: 451
2019-11-19 15:21:02,301; dataset.py - line: 602 -DEBUG: index: 452
2019-11-19 15:21:02,302; dataset.py - line: 253 -DEBUG: TotalArms_Segment: [1, 1, 1, 1, 1]
2019-11-19 15:21:02,303; client.py - line: 165 -DEBUG: Json string with change request sent.

2019-11-19 15:21:02,303; client.py - line: 201 -DEBUG: Json string sent.

2019-11-19 15:21:02,489; client.py - line: 182 -DEBUG: Timeout -> exit _receiveData()
2019-11-19 15:21:02,490; client.py - line: 183 -DEBUG: data_complete: type: <class 'bytearray'>, data_complete len: 9725, data_complete [:10]: bytearray(b'\x00\x89PNG\r\n\x1a\n\x00')
2019-11-19 15:21:02,490; client.py - line: 207 -DEBUG: Trying to recive data.
2019-11-19 15:21:02,490; client.py - line: 210 -INFO: Data from Unity recived.
2019-11-19 15:21:02,490; client.py - line: 211 -DEBUG: End_tag detected, unity_resp_bytes[0:10]: bytearray(b'\x00\x89PNG\r\n\x1a\n\x00')
2019-11-19 15:21:02,490; client.py - line: 215 -DEBUG: img_bytes type: <class 'bytearray'>, img_bytes len: 9716, img_bytes[:10]: bytearray(b'\x89PNG\r\n\x1a\n\x00\x00')
2019-11-19 15:21:02,490; client.py - line: 218 -DEBUG: PIL Img: type: <class 'PIL.PngImagePlugin.PngImageFile'> 
2019-11-19 15:21:02,498; client.py - line: 220 -DEBUG: Returning img: type: <class 'numpy.ndarray'> 

2019-11-19 15:21:02,499; dataset.py - line: 600 -DEBUG: index: 452
2019-11-19 15:21:02,500; dataset.py - line: 602 -DEBUG: index: 453
2019-11-19 15:21:02,500; dataset.py - line: 253 -DEBUG: TotalArms_Segment: [2, 1, 1, 1, 1, 1, 1, 1, 1]
2019-11-19 15:21:02,501; client.py - line: 165 -DEBUG: Json string with change request sent.

2019-11-19 15:21:02,502; client.py - line: 201 -DEBUG: Json string sent.

2019-11-19 15:21:02,695; client.py - line: 182 -DEBUG: Timeout -> exit _receiveData()
2019-11-19 15:21:02,695; client.py - line: 183 -DEBUG: data_complete: type: <class 'bytearray'>, data_complete len: 27426, data_complete [:10]: bytearray(b'\x00\x89PNG\r\n\x1a\n\x00')
2019-11-19 15:21:02,695; client.py - line: 207 -DEBUG: Trying to recive data.
2019-11-19 15:21:02,695; client.py - line: 210 -INFO: Data from Unity recived.
2019-11-19 15:21:02,695; client.py - line: 211 -DEBUG: End_tag detected, unity_resp_bytes[0:10]: bytearray(b'\x00\x89PNG\r\n\x1a\n\x00')
2019-11-19 15:21:02,695; client.py - line: 215 -DEBUG: img_bytes type: <class 'bytearray'>, img_bytes len: 27417, img_bytes[:10]: bytearray(b'\x89PNG\r\n\x1a\n\x00\x00')
2019-11-19 15:21:02,695; client.py - line: 218 -DEBUG: PIL Img: type: <class 'PIL.PngImagePlugin.PngImageFile'> 
2019-11-19 15:21:02,704; client.py - line: 220 -DEBUG: Returning img: type: <class 'numpy.ndarray'> 

2019-11-19 15:21:02,704; dataset.py - line: 600 -DEBUG: index: 453
2019-11-19 15:21:02,705; dataset.py - line: 602 -DEBUG: index: 454
2019-11-19 15:21:02,706; client.py - line: 171 -DEBUG: Exit request sent.

2019-11-19 15:21:02,712; client.py - line: 104 -INFO: Exit-message is sent. Unity build and socket now closing.

2019-11-19 15:21:02,713; dataset.py - line: 564 -DEBUG: numb_y: 4
2019-11-19 15:21:02,713; dataset.py - line: 565 -DEBUG: dicts[0]['image'].shape[0]: 480
2019-11-19 15:21:02,713; dataset.py - line: 566 -DEBUG: (images_in_one_row*dicts[0][image].shape[1]: 2880
2019-11-19 15:21:02,713; dataset.py - line: 567 -DEBUG: dicts[0][image].shape[2]: 3
2019-11-19 15:21:02,740; dataset.py - line: 569 -DEBUG: h_stacked.shape: (4, 480, 2880, 3)
2019-11-19 15:21:02,908; dataset.py - line: 581 -DEBUG: final_img.shape: (1920, 2880, 3)
