Mono path[0] = '/home/haecker/Documents/src/git/python_unity_images/build_linux/unity_server_rendering_images_Data/Managed'
Mono config path = '/home/haecker/Documents/src/git/python_unity_images/build_linux/unity_server_rendering_images_Data/MonoBleedingEdge/etc'
Preloaded 'ScreenSelector.so'
Display 0 '0': 1920x1080 (primary device).
Desktop is 1920 x 1080 @ 60 Hz
Invalid initial resolution 1 x 1 - forcing to 100 x 100
Initialize engine version: 2019.2.11f1 (5f859a4cfee5)
[XR] Discovering subsystems at path /home/haecker/Documents/src/git/python_unity_images/build_linux/unity_server_rendering_images_Data/UnitySubsystems
GfxDevice: creating device client; threaded=1
Renderer: Mesa DRI Intel(R) UHD Graphics 620 (Kabylake GT2) 
Vendor:   Intel Open Source Technology Center
Version:  4.5 (Core Profile) Mesa 19.0.8
GLES:     0
 GL_3DFX_texture_compression_FXT1 GL_AMD_conservative_depth GL_AMD_depth_clamp_separate GL_AMD_draw_buffers_blend GL_AMD_gpu_shader_int64 GL_AMD_multi_draw_indirect GL_AMD_query_buffer_object GL_AMD_seamless_cubemap_per_texture GL_AMD_shader_stencil_export GL_AMD_shader_trinary_minmax GL_AMD_texture_texture4 GL_AMD_vertex_shader_layer GL_AMD_vertex_shader_viewport_index GL_ANGLE_texture_compression_dxt3 GL_ANGLE_texture_compression_dxt5 GL_APPLE_object_purgeable GL_ARB_ES2_compatibility GL_ARB_ES3_1_compatibility GL_ARB_ES3_2_compatibility GL_ARB_ES3_compatibility GL_ARB_arrays_of_arrays GL_ARB_base_instance GL_ARB_blend_func_extended GL_ARB_buffer_storage GL_ARB_clear_buffer_object GL_ARB_clear_texture GL_ARB_clip_control GL_ARB_compressed_texture_pixel_storage GL_ARB_compute_shader GL_ARB_conditional_render_inverted GL_ARB_conservative_depth GL_ARB_copy_buffer GL_ARB_copy_image GL_ARB_cull_distance GL_ARB_debug_output GL_ARB_depth_buffer_float GL_ARB_depth_clamp GL_ARB_derivative_control GL_ARB_direct_stat
e_access GL_ARB_draw_buffers GL_ARB_draw_buffers_blend GL_ARB_draw_elements_base_vertex GL_ARB_draw_indirect GL_ARB_draw_instanced GL_ARB_enhanced_layouts GL_ARB_explicit_attrib_location GL_ARB_explicit_uniform_location GL_ARB_fragment_coord_conventions GL_ARB_fragment_layer_viewport GL_ARB_fragment_shader GL_ARB_fragment_shader_interlock GL_ARB_framebuffer_no_attachments GL_ARB_framebuffer_object GL_ARB_framebuffer_sRGB GL_ARB_get_program_binary GL_ARB_get_texture_sub_image GL_ARB_gpu_shader5 GL_ARB_gpu_shader_fp64 GL_ARB_gpu_shader_int64 GL_ARB_half_float_pixel GL_ARB_half_float_vertex GL_ARB_indirect_parameters GL_ARB_instanced_arrays GL_ARB_internalformat_query GL_ARB_internalformat_query2 GL_ARB_invalidate_subdata GL_ARB_map_buffer_alignment GL_ARB_map_buffer_range GL_ARB_multi_bind GL_ARB_multi_draw_indirect GL_ARB_occlusion_query2 GL_ARB_pipeline_statistics_query GL_ARB_pixel_buffer_object GL_ARB_point_sprite GL_ARB_polygon_offset_clamp GL_ARB_post_depth_coverage GL_ARB_program_interface_query GL_ARB_
provoking_vertex GL_ARB_query_buffer_object GL_ARB_robust_buffer_access_behavior GL_ARB_robustness GL_ARB_sample_shading GL_ARB_sampler_objects GL_ARB_seamless_cube_map GL_ARB_seamless_cubemap_per_texture GL_ARB_separate_shader_objects GL_ARB_shader_atomic_counter_ops GL_ARB_shader_atomic_counters GL_ARB_shader_ballot GL_ARB_shader_bit_encoding GL_ARB_shader_clock GL_ARB_shader_draw_parameters GL_ARB_shader_group_vote GL_ARB_shader_image_load_store GL_ARB_shader_image_size GL_ARB_shader_objects GL_ARB_shader_precision GL_ARB_shader_stencil_export GL_ARB_shader_storage_buffer_object GL_ARB_shader_subroutine GL_ARB_shader_texture_image_samples GL_ARB_shader_texture_lod GL_ARB_shader_viewport_layer_array GL_ARB_shading_language_420pack GL_ARB_shading_language_packing GL_ARB_stencil_texturing GL_ARB_sync GL_ARB_tessellation_shader GL_ARB_texture_barrier GL_ARB_texture_buffer_object GL_ARB_texture_buffer_object_rgb32 GL_ARB_texture_buffer_range GL_ARB_texture_compression_bptc GL_ARB_texture_compression_rgtc GL_AR
B_texture_cube_map_array GL_ARB_texture_filter_anisotropic GL_ARB_texture_float GL_ARB_texture_gather GL_ARB_texture_mirror_clamp_to_edge GL_ARB_texture_multisample GL_ARB_texture_non_power_of_two GL_ARB_texture_query_levels GL_ARB_texture_query_lod GL_ARB_texture_rectangle GL_ARB_texture_rg GL_ARB_texture_rgb10_a2ui GL_ARB_texture_stencil8 GL_ARB_texture_storage GL_ARB_texture_storage_multisample GL_ARB_texture_swizzle GL_ARB_texture_view GL_ARB_timer_query GL_ARB_transform_feedback2 GL_ARB_transform_feedback3 GL_ARB_transform_feedback_instanced GL_ARB_transform_feedback_overflow_query GL_ARB_uniform_buffer_object GL_ARB_vertex_array_bgra GL_ARB_vertex_array_object GL_ARB_vertex_attrib_64bit GL_ARB_vertex_attrib_binding GL_ARB_vertex_buffer_object GL_ARB_vertex_shader GL_ARB_vertex_type_10f_11f_11f_rev GL_ARB_vertex_type_2_10_10_10_rev GL_ARB_viewport_array GL_ATI_blend_equation_separate GL_ATI_texture_float GL_EXT_abgr GL_EXT_blend_equation_separate GL_EXT_draw_buffers2 GL_EXT_draw_instanced GL_EXT_framebu
ffer_blit GL_EXT_framebuffer_multisample GL_EXT_framebuffer_multisample_blit_scaled GL_EXT_framebuffer_object GL_EXT_framebuffer_sRGB GL_EXT_packed_depth_stencil GL_EXT_packed_float GL_EXT_pixel_buffer_object GL_EXT_polygon_offset_clamp GL_EXT_provoking_vertex GL_EXT_shader_framebuffer_fetch GL_EXT_shader_framebuffer_fetch_non_coherent GL_EXT_shader_integer_mix GL_EXT_shader_samples_identical GL_EXT_texture_array GL_EXT_texture_compression_dxt1 GL_EXT_texture_compression_rgtc GL_EXT_texture_compression_s3tc GL_EXT_texture_filter_anisotropic GL_EXT_texture_integer GL_EXT_texture_sRGB GL_EXT_texture_sRGB_decode GL_EXT_texture_shared_exponent GL_EXT_texture_snorm GL_EXT_texture_swizzle GL_EXT_timer_query GL_EXT_transform_feedback GL_EXT_vertex_array_bgra GL_EXT_vertex_attrib_64bit GL_IBM_multimode_draw_arrays GL_INTEL_conservative_rasterization GL_INTEL_performance_query GL_INTEL_shader_atomic_float_minmax GL_KHR_blend_equation_advanced GL_KHR_blend_equation_advanced_coherent GL_KHR_context_flush_control GL_KHR
_debug GL_KHR_no_error GL_KHR_robust_buffer_access_behavior GL_KHR_robustness GL_KHR_texture_compression_astc_ldr GL_KHR_texture_compression_astc_sliced_3d GL_MESA_pack_invert GL_MESA_shader_integer_functions GL_MESA_texture_signed_rgba GL_NV_conditional_render GL_NV_depth_clamp GL_NV_fragment_shader_interlock GL_NV_packed_depth_stencil GL_NV_texture_barrier GL_OES_EGL_image GL_S3_s3tc
OPENGL LOG: Creating OpenGL 4.5 graphics device ; Context level  <OpenGL 4.5> ; Context handle 70931120
Begin MonoManager ReloadAssembly
- Completed reload, in  0.067 seconds
Default vsync count 1
requesting resize 1 x 1
resizing window to 1 x 1
Desktop is 1920 x 1080 @ 60 Hz
UnloadTime: 2.479769 ms
TCP_Server in ListenForMessages: TCPconfig loaded
 
(Filename: ./Runtime/Export/Debug/Debug.bindings.h Line: 35)

TCP_Server in ListenForMessages: IPAdress: 127.0.0.1; port: 50050
 
(Filename: ./Runtime/Export/Debug/Debug.bindings.h Line: 35)

Setting up 4 worker threads for Enlighten.
  Thread -> id: 7f5c9d0aa700 -> priority: 1 
  Thread -> id: 7f5c9c8a9700 -> priority: 1 
  Thread -> id: 7f5c6bfff700 -> priority: 1 
  Thread -> id: 7f5c6b7fe700 -> priority: 1 
requesting resize 1 x 1
resizing window to 1 x 1
Desktop is 1920 x 1080 @ 60 Hz
TCP_Server in ListenForMessages: Waiting for a connection... 
 
(Filename: ./Runtime/Export/Debug/Debug.bindings.h Line: 35)

TCP_Server in ListenForMessages: Connected at: System.Net.Sockets.TcpClient
 
(Filename: ./Runtime/Export/Debug/Debug.bindings.h Line: 35)

TCP_Server in ListenForMessages: in nested while(true): Connected at: System.Net.Sockets.TcpClient
 
(Filename: ./Runtime/Export/Debug/Debug.bindings.h Line: 35)

TCP_Server in ListenForMessages: waiting for stream.Read()
 
(Filename: ./Runtime/Export/Debug/Debug.bindings.h Line: 35)

TCP_Server in ListenforMessages: Received data
 
(Filename: ./Runtime/Export/Debug/Debug.bindings.h Line: 35)

TCP_Server in ListenForMessages: eod. detected
 
(Filename: ./Runtime/Export/Debug/Debug.bindings.h Line: 35)

TCP_Server in ListenForMessages: jsonparameters: {"total_cuboids": 2, "same_scale": false, "same_theta": false, "same_material": true, "phi": 110.1885670872305, "resolution_width": 520, "resolution_height": 520, "cuboids": [{"theta_deg": 0, "scale": 1.981162633216695, "material": {"color": {"x": 0.6584836188416017, "y": 0.9906073318400687, "z": 0.767205947082822, "w": 0.9859181631271627}, "metallic": 0.0012775291774929087, "smoothness": 0.9191465686727209}}, {"theta_deg": 26.923925158117573, "scale": 1.722131281688224, "material": {"color": {"x": 0.6584836188416017, "y": 0.9906073318400687, "z": 0.767205947082822, "w": 0.9859181631271627}, "metallic": 0.0012775291774929087, "smoothness": 0.9191465686727209}}], "total_branches": [1], "camera": {"radius": 10.0, "theta_deg": 67.59775042895438, "phi_deg": 142.47620179079746, "y_offset": 0, "resolution_width": 520, "resolution_height": 520, "FOV": 80}, "DirectionalLight": {"theta_deg": 82.33401535944846, "intensity": 0.5312173202188203}, "totalPointLights": 0, "totalSpotLights": 0}
 
(Filename: ./Runtime/Export/Debug/Debug.bindings.h Line: 35)

TCP_Server in ListenForMessages: ready_to_build == true
 
(Filename: ./Runtime/Export/Debug/Debug.bindings.h Line: 35)

TCP_Server in ListenForMessages: in nested while(true): Connected at: System.Net.Sockets.TcpClient
 
(Filename: ./Runtime/Export/Debug/Debug.bindings.h Line: 35)

TCP_Server in ListenForMessages: waiting for stream.Read()
 
(Filename: ./Runtime/Export/Debug/Debug.bindings.h Line: 35)

CreateCrane in Update: before Starter: import ready_to_build == true;
 
(Filename: ./Runtime/Export/Debug/Debug.bindings.h Line: 35)

CreateCrane in Starter; jsondata: {"total_cuboids":2,"total_branches":[1],"totalArms":0,"same_scale":false,"same_theta":false,"same_material":true,"phi":110.18856811523438,"del_phi":0.0,"camera":{"radius":10.0,"theta_deg":67.59774780273438,"phi_deg":142.4761962890625,"y_offset":0.0,"Object":{"m_FileID":0,"m_PathID":0},"resolution_width":520,"resolution_height":520,"FOV":80.0},"DirectionalLight":{"intensity":0.5312173366546631,"theta_deg":82.33401489257813},"totalPointLights":0,"point_lights":[],"totalSpotLights":0,"spot_lights":[],"cuboids":[{"theta_deg":0.0,"scale":1.981162667274475,"material":{"color":{"x":0.658483624458313,"y":0.9906073212623596,"z":0.7672059535980225,"w":0.9859181642532349},"metallic":0.0012775291688740254,"smoothness":0.9191465973854065}},{"theta_deg":26.923925399780275,"scale":1.7221312522888184,"material":{"color":{"x":0.658483624458313,"y":0.9906073212623596,"z":0.7672059535980225,"w":0.9859181642532349},"metallic":0.0012775291688740254,"smoothness":0.9191465973854065}}]}
 
(Filename: ./Runtime/Export/Debug/Debug.bindings.h Line: 35)

camera.radius: 10
 
(Filename: ./Runtime/Export/Debug/Debug.bindings.h Line: 35)

max_x: 0; max_y: 1.984718; min_y: 0
 
(Filename: ./Runtime/Export/Debug/Debug.bindings.h Line: 35)

CreateCrane in Update: after Starter:  newCrane==true; import ready_to_build == true;
 
(Filename: ./Runtime/Export/Debug/Debug.bindings.h Line: 35)

TCP_Server in LateUpdate: before CapturePNGasBytes: import newCrane == true;
 
(Filename: ./Runtime/Export/Debug/Debug.bindings.h Line: 35)

TCP_Server in LateUpdate: before CapturePNGasBytes: Time: 2.731177
 
(Filename: ./Runtime/Export/Debug/Debug.bindings.h Line: 35)

TCP_Server in LateUpdate: after CapturePNGasBytes:  ready_to_build==false; import newCrane == true;
 
(Filename: ./Runtime/Export/Debug/Debug.bindings.h Line: 35)

TCP_Server in LateUpdate: after CapturePNGasBytes: Time: 2.733256
 
(Filename: ./Runtime/Export/Debug/Debug.bindings.h Line: 35)

TCP_Server in CapturePNGasBytes: bytesPNG.Length: 44141
 
(Filename: ./Runtime/Export/Debug/Debug.bindings.h Line: 35)

TCP_Server in CapturePNGasBytes: sending PNG bytes: 
 
(Filename: ./Runtime/Export/Debug/Debug.bindings.h Line: 35)

TCP_Server in CapturePNGasBytes: try: stream.CanWrite
 
(Filename: ./Runtime/Export/Debug/Debug.bindings.h Line: 35)

TCP_Server in CapturePNGasBytes: stream.CanWrite==true
 
(Filename: ./Runtime/Export/Debug/Debug.bindings.h Line: 35)

TCP_Server in CapturePNGasBytes: message sent - picture should be received by client
 
(Filename: ./Runtime/Export/Debug/Debug.bindings.h Line: 35)

TCP_Server in ListenforMessages: Received data
 
(Filename: ./Runtime/Export/Debug/Debug.bindings.h Line: 35)

TCP_Server in ListenForMessages: eod. detected
 
(Filename: ./Runtime/Export/Debug/Debug.bindings.h Line: 35)

TCP_Server in ListenForMessages: jsonparameters: {"total_cuboids": 2, "same_scale": false, "same_theta": false, "same_material": true, "phi": 355.2703492833354, "resolution_width": 520, "resolution_height": 520, "cuboids": [{"theta_deg": 0, "scale": 2.283221159268815, "material": {"color": {"x": 0.3958844084942691, "y": 0.1680630721498786, "z": 0.7670076798986534, "w": 0.5409096712698216}, "metallic": 0.9622355060885466, "smoothness": 0.9562229887156222}}, {"theta_deg": 118.55540991343237, "scale": 0.5839736141592334, "material": {"color": {"x": 0.3958844084942691, "y": 0.1680630721498786, "z": 0.7670076798986534, "w": 0.5409096712698216}, "metallic": 0.9622355060885466, "smoothness": 0.9562229887156222}}], "total_branches": [1], "camera": {"radius": 10.0, "theta_deg": 90.70449185016204, "phi_deg": 154.3634674098712, "y_offset": 0, "resolution_width": 520, "resolution_height": 520, "FOV": 80}, "DirectionalLight": {"theta_deg": 82.91788528608718, "intensity": 0.5740240983411892}, "totalPointLights": 0, "totalSpotLights": 0}
 
(Filename: ./Runtime/Export/Debug/Debug.bindings.h Line: 35)

TCP_Server in ListenForMessages: ready_to_build == true
 
(Filename: ./Runtime/Export/Debug/Debug.bindings.h Line: 35)

TCP_Server in ListenForMessages: in nested while(true): Connected at: System.Net.Sockets.TcpClient
 
(Filename: ./Runtime/Export/Debug/Debug.bindings.h Line: 35)

TCP_Server in ListenForMessages: waiting for stream.Read()
 
(Filename: ./Runtime/Export/Debug/Debug.bindings.h Line: 35)

CreateCrane in Update: before Starter: import ready_to_build == true;
 
(Filename: ./Runtime/Export/Debug/Debug.bindings.h Line: 35)

CreateCrane in Starter; jsondata: {"total_cuboids":2,"total_branches":[1],"totalArms":0,"same_scale":false,"same_theta":false,"same_material":true,"phi":355.2703552246094,"del_phi":0.0,"camera":{"radius":10.0,"theta_deg":90.7044906616211,"phi_deg":154.36346435546876,"y_offset":0.0,"Object":{"m_FileID":0,"m_PathID":0},"resolution_width":520,"resolution_height":520,"FOV":80.0},"DirectionalLight":{"intensity":0.5740240812301636,"theta_deg":82.91788482666016},"totalPointLights":0,"point_lights":[],"totalSpotLights":0,"spot_lights":[],"cuboids":[{"theta_deg":0.0,"scale":2.2832212448120119,"material":{"color":{"x":0.3958843946456909,"y":0.16806307435035706,"z":0.7670077085494995,"w":0.5409096479415894},"metallic":0.9622355103492737,"smoothness":0.9562230110168457}},{"theta_deg":118.55541229248047,"scale":0.5839735865592957,"material":{"color":{"x":0.3958843946456909,"y":0.16806307435035706,"z":0.7670077085494995,"w":0.5409096479415894},"metallic":0.9622355103492737,"smoothness":0.9562230110168457}}]}
 
(Filename: ./Runtime/Export/Debug/Debug.bindings.h Line: 35)

camera.radius: 10
 
(Filename: ./Runtime/Export/Debug/Debug.bindings.h Line: 35)

max_x: 0.9920828; max_y: 1.441216; min_y: 0
 
(Filename: ./Runtime/Export/Debug/Debug.bindings.h Line: 35)

CreateCrane in Update: after Starter:  newCrane==true; import ready_to_build == true;
 
(Filename: ./Runtime/Export/Debug/Debug.bindings.h Line: 35)

TCP_Server in LateUpdate: before CapturePNGasBytes: import newCrane == true;
 
(Filename: ./Runtime/Export/Debug/Debug.bindings.h Line: 35)

TCP_Server in LateUpdate: before CapturePNGasBytes: Time: 2.99062
 
(Filename: ./Runtime/Export/Debug/Debug.bindings.h Line: 35)

TCP_Server in LateUpdate: after CapturePNGasBytes:  ready_to_build==false; import newCrane == true;
 
(Filename: ./Runtime/Export/Debug/Debug.bindings.h Line: 35)

TCP_Server in LateUpdate: after CapturePNGasBytes: Time: 2.990662
 
(Filename: ./Runtime/Export/Debug/Debug.bindings.h Line: 35)

TCP_Server in CapturePNGasBytes: bytesPNG.Length: 71141
 
(Filename: ./Runtime/Export/Debug/Debug.bindings.h Line: 35)

TCP_Server in CapturePNGasBytes: sending PNG bytes: 
 
(Filename: ./Runtime/Export/Debug/Debug.bindings.h Line: 35)

TCP_Server in CapturePNGasBytes: try: stream.CanWrite
 
(Filename: ./Runtime/Export/Debug/Debug.bindings.h Line: 35)

TCP_Server in CapturePNGasBytes: stream.CanWrite==true
 
(Filename: ./Runtime/Export/Debug/Debug.bindings.h Line: 35)

TCP_Server in CapturePNGasBytes: message sent - picture should be received by client
 
(Filename: ./Runtime/Export/Debug/Debug.bindings.h Line: 35)

TCP_Server in ListenforMessages: Received data
 
(Filename: ./Runtime/Export/Debug/Debug.bindings.h Line: 35)

TCP_Server in ListenForMessages: eod. detected
 
(Filename: ./Runtime/Export/Debug/Debug.bindings.h Line: 35)

TCP_Server in ListenForMessages: jsonparameters: {"total_cuboids": 2, "same_scale": true, "same_theta": false, "same_material": false, "phi": 177.17192069449746, "resolution_width": 520, "resolution_height": 520, "cuboids": [{"theta_deg": 0, "scale": 2.4276649022631687, "material": {"color": {"x": 0.6402369966304259, "y": 0.540587416561718, "z": 0.3787149308727421, "w": 0.5611194109865247}, "metallic": 0.8617308755496067, "smoothness": 0.49360777787434196}}, {"theta_deg": 78.00705603491267, "scale": 2.4276649022631687, "material": {"color": {"x": 0.5797793167700287, "y": 0.716049788907092, "z": 0.9126599186520126, "w": 0.956420243439337}, "metallic": 0.3879485707474476, "smoothness": 0.07717155154864253}}], "total_branches": [1], "camera": {"radius": 10.0, "theta_deg": 99.23879604748898, "phi_deg": 260.0032073911798, "y_offset": 0, "resolution_width": 520, "resolution_height": 520, "FOV": 80}, "DirectionalLight": {"theta_deg": 80.50540653530625, "intensity": 1.0429519305922126}, "totalPointLights": 0, "totalSpotLights": 0}
 
(Filename: ./Runtime/Export/Debug/Debug.bindings.h Line: 35)

TCP_Server in ListenForMessages: ready_to_build == true
 
(Filename: ./Runtime/Export/Debug/Debug.bindings.h Line: 35)

TCP_Server in ListenForMessages: in nested while(true): Connected at: System.Net.Sockets.TcpClient
 
(Filename: ./Runtime/Export/Debug/Debug.bindings.h Line: 35)

TCP_Server in ListenForMessages: waiting for stream.Read()
 
(Filename: ./Runtime/Export/Debug/Debug.bindings.h Line: 35)

CreateCrane in Update: before Starter: import ready_to_build == true;
 
(Filename: ./Runtime/Export/Debug/Debug.bindings.h Line: 35)

CreateCrane in Starter; jsondata: {"total_cuboids":2,"total_branches":[1],"totalArms":0,"same_scale":true,"same_theta":false,"same_material":false,"phi":177.1719207763672,"del_phi":0.0,"camera":{"radius":10.0,"theta_deg":99.2387924194336,"phi_deg":260.0032043457031,"y_offset":0.0,"Object":{"m_FileID":0,"m_PathID":0},"resolution_width":520,"resolution_height":520,"FOV":80.0},"DirectionalLight":{"intensity":1.0429519414901734,"theta_deg":80.50540924072266},"totalPointLights":0,"point_lights":[],"totalSpotLights":0,"spot_lights":[],"cuboids":[{"theta_deg":0.0,"scale":2.4276649951934816,"material":{"color":{"x":0.6402369737625122,"y":0.5405874252319336,"z":0.378714919090271,"w":0.5611194372177124},"metallic":0.8617308735847473,"smoothness":0.4936077892780304}},{"theta_deg":78.0070571899414,"scale":2.4276649951934816,"material":{"color":{"x":0.579779326915741,"y":0.7160497903823853,"z":0.9126599431037903,"w":0.9564202427864075},"metallic":0.38794857263565066,"smoothness":0.07717154920101166}}]}
 
(Filename: ./Runtime/Export/Debug/Debug.bindings.h Line: 35)

camera.radius: 10
 
(Filename: ./Runtime/Export/Debug/Debug.bindings.h Line: 35)

max_x: 0; max_y: 1.955143; min_y: 0
 
(Filename: ./Runtime/Export/Debug/Debug.bindings.h Line: 35)

CreateCrane in Update: after Starter:  newCrane==true; import ready_to_build == true;
 
(Filename: ./Runtime/Export/Debug/Debug.bindings.h Line: 35)

TCP_Server in LateUpdate: before CapturePNGasBytes: import newCrane == true;
 
(Filename: ./Runtime/Export/Debug/Debug.bindings.h Line: 35)

TCP_Server in LateUpdate: before CapturePNGasBytes: Time: 3.193388
 
(Filename: ./Runtime/Export/Debug/Debug.bindings.h Line: 35)

TCP_Server in LateUpdate: after CapturePNGasBytes:  ready_to_build==false; import newCrane == true;
 
(Filename: ./Runtime/Export/Debug/Debug.bindings.h Line: 35)

TCP_Server in LateUpdate: after CapturePNGasBytes: Time: 3.193424
 
(Filename: ./Runtime/Export/Debug/Debug.bindings.h Line: 35)

TCP_Server in CapturePNGasBytes: bytesPNG.Length: 66254
 
(Filename: ./Runtime/Export/Debug/Debug.bindings.h Line: 35)

TCP_Server in CapturePNGasBytes: sending PNG bytes: 
 
(Filename: ./Runtime/Export/Debug/Debug.bindings.h Line: 35)

TCP_Server in CapturePNGasBytes: try: stream.CanWrite
 
(Filename: ./Runtime/Export/Debug/Debug.bindings.h Line: 35)

TCP_Server in CapturePNGasBytes: stream.CanWrite==true
 
(Filename: ./Runtime/Export/Debug/Debug.bindings.h Line: 35)

TCP_Server in CapturePNGasBytes: message sent - picture should be received by client
 
(Filename: ./Runtime/Export/Debug/Debug.bindings.h Line: 35)

TCP_Server in ListenforMessages: Received data
 
(Filename: ./Runtime/Export/Debug/Debug.bindings.h Line: 35)

TCP_Server in ListenForMessages: eod. detected
 
(Filename: ./Runtime/Export/Debug/Debug.bindings.h Line: 35)

TCP_Server in ListenForMessages: jsonparameters: {"total_cuboids": 2, "same_scale": true, "same_theta": false, "same_material": true, "phi": 62.06432507228485, "resolution_width": 520, "resolution_height": 520, "cuboids": [{"theta_deg": 0, "scale": 1.7770060145292064, "material": {"color": {"x": 0.5077315534866153, "y": 0.3638516782808582, "z": 0.2523713115582227, "w": 0.7229536544522068}, "metallic": 0.033902863958699014, "smoothness": 0.9589620511292912}}, {"theta_deg": 140.85095919900976, "scale": 1.7770060145292064, "material": {"color": {"x": 0.5077315534866153, "y": 0.3638516782808582, "z": 0.2523713115582227, "w": 0.7229536544522068}, "metallic": 0.033902863958699014, "smoothness": 0.9589620511292912}}], "total_branches": [1], "camera": {"radius": 10.0, "theta_deg": 87.07365878361273, "phi_deg": 40.49647523242988, "y_offset": 0, "resolution_width": 520, "resolution_height": 520, "FOV": 80}, "DirectionalLight": {"theta_deg": 86.8341777313758, "intensity": 0.26452004128514617}, "totalPointLights": 0, "totalSpotLights": 0}
 
(Filename: ./Runtime/Export/Debug/Debug.bindings.h Line: 35)

TCP_Server in ListenForMessages: ready_to_build == true
 
(Filename: ./Runtime/Export/Debug/Debug.bindings.h Line: 35)

TCP_Server in ListenForMessages: in nested while(true): Connected at: System.Net.Sockets.TcpClient
 
(Filename: ./Runtime/Export/Debug/Debug.bindings.h Line: 35)

TCP_Server in ListenForMessages: waiting for stream.Read()
 
(Filename: ./Runtime/Export/Debug/Debug.bindings.h Line: 35)

CreateCrane in Update: before Starter: import ready_to_build == true;
 
(Filename: ./Runtime/Export/Debug/Debug.bindings.h Line: 35)

CreateCrane in Starter; jsondata: {"total_cuboids":2,"total_branches":[1],"totalArms":0,"same_scale":true,"same_theta":false,"same_material":true,"phi":62.06432342529297,"del_phi":0.0,"camera":{"radius":10.0,"theta_deg":87.07366180419922,"phi_deg":40.49647521972656,"y_offset":0.0,"Object":{"m_FileID":0,"m_PathID":0},"resolution_width":520,"resolution_height":520,"FOV":80.0},"DirectionalLight":{"intensity":0.2645200490951538,"theta_deg":86.83417510986328},"totalPointLights":0,"point_lights":[],"totalSpotLights":0,"spot_lights":[],"cuboids":[{"theta_deg":0.0,"scale":1.7770060300827027,"material":{"color":{"x":0.507731556892395,"y":0.3638516664505005,"z":0.25237131118774416,"w":0.7229536771774292},"metallic":0.033902864903211597,"smoothness":0.9589620232582092}},{"theta_deg":140.8509521484375,"scale":1.7770060300827027,"material":{"color":{"x":0.507731556892395,"y":0.3638516664505005,"z":0.25237131118774416,"w":0.7229536771774292},"metallic":0.033902864903211597,"smoothness":0.9589620232582092}}]}
 
(Filename: ./Runtime/Export/Debug/Debug.bindings.h Line: 35)

camera.radius: 10
 
(Filename: ./Runtime/Export/Debug/Debug.bindings.h Line: 35)

max_x: 0.6786872; max_y: 0.5151332; min_y: 0
 
(Filename: ./Runtime/Export/Debug/Debug.bindings.h Line: 35)

CreateCrane in Update: after Starter:  newCrane==true; import ready_to_build == true;
 
(Filename: ./Runtime/Export/Debug/Debug.bindings.h Line: 35)

TCP_Server in LateUpdate: before CapturePNGasBytes: import newCrane == true;
 
(Filename: ./Runtime/Export/Debug/Debug.bindings.h Line: 35)

TCP_Server in LateUpdate: before CapturePNGasBytes: Time: 3.427275
 
(Filename: ./Runtime/Export/Debug/Debug.bindings.h Line: 35)

TCP_Server in LateUpdate: after CapturePNGasBytes:  ready_to_build==false; import newCrane == true;
 
(Filename: ./Runtime/Export/Debug/Debug.bindings.h Line: 35)

TCP_Server in LateUpdate: after CapturePNGasBytes: Time: 3.427329
 
(Filename: ./Runtime/Export/Debug/Debug.bindings.h Line: 35)

TCP_Server in CapturePNGasBytes: bytesPNG.Length: 81072
 
(Filename: ./Runtime/Export/Debug/Debug.bindings.h Line: 35)

TCP_Server in CapturePNGasBytes: sending PNG bytes: 
 
(Filename: ./Runtime/Export/Debug/Debug.bindings.h Line: 35)

TCP_Server in CapturePNGasBytes: try: stream.CanWrite
 
(Filename: ./Runtime/Export/Debug/Debug.bindings.h Line: 35)

TCP_Server in CapturePNGasBytes: stream.CanWrite==true
 
(Filename: ./Runtime/Export/Debug/Debug.bindings.h Line: 35)

TCP_Server in CapturePNGasBytes: message sent - picture should be received by client
 
(Filename: ./Runtime/Export/Debug/Debug.bindings.h Line: 35)

TCP_Server in ListenforMessages: Received data
 
(Filename: ./Runtime/Export/Debug/Debug.bindings.h Line: 35)

TCP_Server in ListenForMessages: eod. detected
 
(Filename: ./Runtime/Export/Debug/Debug.bindings.h Line: 35)

TCP_Server in ListenForMessages: jsonparameters: {"total_cuboids": 2, "same_scale": true, "same_theta": false, "same_material": false, "phi": 26.781848185136035, "resolution_width": 520, "resolution_height": 520, "cuboids": [{"theta_deg": 0, "scale": 3.6315008614202213, "material": {"color": {"x": 0.8336503018773345, "y": 0.9990465490512064, "z": 0.9868863931607076, "w": 0.7720877338307796}, "metallic": 0.18722830616107589, "smoothness": 0.901689315953208}}, {"theta_deg": 14.745451604310443, "scale": 3.6315008614202213, "material": {"color": {"x": 0.6870866639620864, "y": 0.1287084006294964, "z": 0.6813279730915669, "w": 0.9272686186107281}, "metallic": 0.07051956438239393, "smoothness": 0.15169129056550212}}], "total_branches": [1], "camera": {"radius": 10.0, "theta_deg": 62.76836203505646, "phi_deg": 40.95284618495001, "y_offset": 0, "resolution_width": 520, "resolution_height": 520, "FOV": 80}, "DirectionalLight": {"theta_deg": 88.83129538196268, "intensity": 0.4242412470447692}, "totalPointLights": 0, "totalSpotLights": 0}
 
(Filename: ./Runtime/Export/Debug/Debug.bindings.h Line: 35)

TCP_Server in ListenForMessages: ready_to_build == true
 
(Filename: ./Runtime/Export/Debug/Debug.bindings.h Line: 35)

TCP_Server in ListenForMessages: in nested while(true): Connected at: System.Net.Sockets.TcpClient
 
(Filename: ./Runtime/Export/Debug/Debug.bindings.h Line: 35)

TCP_Server in ListenForMessages: waiting for stream.Read()
 
(Filename: ./Runtime/Export/Debug/Debug.bindings.h Line: 35)

CreateCrane in Update: before Starter: import ready_to_build == true;
 
(Filename: ./Runtime/Export/Debug/Debug.bindings.h Line: 35)

CreateCrane in Starter; jsondata: {"total_cuboids":2,"total_branches":[1],"totalArms":0,"same_scale":true,"same_theta":false,"same_material":false,"phi":26.781848907470704,"del_phi":0.0,"camera":{"radius":10.0,"theta_deg":62.76836013793945,"phi_deg":40.95284652709961,"y_offset":0.0,"Object":{"m_FileID":0,"m_PathID":0},"resolution_width":520,"resolution_height":520,"FOV":80.0},"DirectionalLight":{"intensity":0.42424124479293826,"theta_deg":88.831298828125},"totalPointLights":0,"point_lights":[],"totalSpotLights":0,"spot_lights":[],"cuboids":[{"theta_deg":0.0,"scale":3.6315009593963625,"material":{"color":{"x":0.8336502909660339,"y":0.9990465641021729,"z":0.9868863821029663,"w":0.7720877528190613},"metallic":0.18722830712795258,"smoothness":0.9016892910003662}},{"theta_deg":14.745451927185059,"scale":3.6315009593963625,"material":{"color":{"x":0.6870866417884827,"y":0.12870840728282929,"z":0.6813279986381531,"w":0.9272686243057251},"metallic":0.07051956653594971,"smoothness":0.1516912877559662}}]}
 
(Filename: ./Runtime/Export/Debug/Debug.bindings.h Line: 35)

camera.radius: 10
 
(Filename: ./Runtime/Export/Debug/Debug.bindings.h Line: 35)

max_x: 0.4272788; max_y: 3.698964; min_y: 0
 
(Filename: ./Runtime/Export/Debug/Debug.bindings.h Line: 35)

CreateCrane in Update: after Starter:  newCrane==true; import ready_to_build == true;
 
(Filename: ./Runtime/Export/Debug/Debug.bindings.h Line: 35)

TCP_Server in LateUpdate: before CapturePNGasBytes: import newCrane == true;
 
(Filename: ./Runtime/Export/Debug/Debug.bindings.h Line: 35)

TCP_Server in LateUpdate: before CapturePNGasBytes: Time: 3.71004
 
(Filename: ./Runtime/Export/Debug/Debug.bindings.h Line: 35)

TCP_Server in LateUpdate: after CapturePNGasBytes:  ready_to_build==false; import newCrane == true;
 
(Filename: ./Runtime/Export/Debug/Debug.bindings.h Line: 35)

TCP_Server in LateUpdate: after CapturePNGasBytes: Time: 3.710087
 
(Filename: ./Runtime/Export/Debug/Debug.bindings.h Line: 35)

TCP_Server in CapturePNGasBytes: bytesPNG.Length: 42826
 
(Filename: ./Runtime/Export/Debug/Debug.bindings.h Line: 35)

TCP_Server in CapturePNGasBytes: sending PNG bytes: 
 
(Filename: ./Runtime/Export/Debug/Debug.bindings.h Line: 35)

TCP_Server in CapturePNGasBytes: try: stream.CanWrite
 
(Filename: ./Runtime/Export/Debug/Debug.bindings.h Line: 35)

TCP_Server in CapturePNGasBytes: stream.CanWrite==true
 
(Filename: ./Runtime/Export/Debug/Debug.bindings.h Line: 35)

TCP_Server in CapturePNGasBytes: message sent - picture should be received by client
 
(Filename: ./Runtime/Export/Debug/Debug.bindings.h Line: 35)

TCP_Server in ListenforMessages: Received data
 
(Filename: ./Runtime/Export/Debug/Debug.bindings.h Line: 35)

TCP_Server in ListenForMessages: eod. detected
 
(Filename: ./Runtime/Export/Debug/Debug.bindings.h Line: 35)

TCP_Server in ListenForMessages: jsonparameters: {"total_cuboids": 2, "same_scale": false, "same_theta": false, "same_material": true, "phi": 77.92370003779175, "resolution_width": 520, "resolution_height": 520, "cuboids": [{"theta_deg": 0, "scale": 1.476709952617034, "material": {"color": {"x": 0.8882855036870501, "y": 0.12219420711206996, "z": 0.8633388557716082, "w": 0.7849380894304826}, "metallic": 0.50894347559387, "smoothness": 0.9155376210010332}}, {"theta_deg": 93.17981701373598, "scale": 2.2476373248192534, "material": {"color": {"x": 0.8882855036870501, "y": 0.12219420711206996, "z": 0.8633388557716082, "w": 0.7849380894304826}, "metallic": 0.50894347559387, "smoothness": 0.9155376210010332}}], "total_branches": [1], "camera": {"radius": 10.0, "theta_deg": 79.12292057365627, "phi_deg": 87.67225222385274, "y_offset": 0, "resolution_width": 520, "resolution_height": 520, "FOV": 80}, "DirectionalLight": {"theta_deg": 82.10480140165156, "intensity": 0.5840652196467913}, "totalPointLights": 0, "totalSpotLights": 0}
 
(Filename: ./Runtime/Export/Debug/Debug.bindings.h Line: 35)

TCP_Server in ListenForMessages: ready_to_build == true
 
(Filename: ./Runtime/Export/Debug/Debug.bindings.h Line: 35)

TCP_Server in ListenForMessages: in nested while(true): Connected at: System.Net.Sockets.TcpClient
 
(Filename: ./Runtime/Export/Debug/Debug.bindings.h Line: 35)

TCP_Server in ListenForMessages: waiting for stream.Read()
 
(Filename: ./Runtime/Export/Debug/Debug.bindings.h Line: 35)

CreateCrane in Update: before Starter: import ready_to_build == true;
 
(Filename: ./Runtime/Export/Debug/Debug.bindings.h Line: 35)

CreateCrane in Starter; jsondata: {"total_cuboids":2,"total_branches":[1],"totalArms":0,"same_scale":false,"same_theta":false,"same_material":true,"phi":77.92369842529297,"del_phi":0.0,"camera":{"radius":10.0,"theta_deg":79.12291717529297,"phi_deg":87.67224884033203,"y_offset":0.0,"Object":{"m_FileID":0,"m_PathID":0},"resolution_width":520,"resolution_height":520,"FOV":80.0},"DirectionalLight":{"intensity":0.5840651988983154,"theta_deg":82.10480499267578},"totalPointLights":0,"point_lights":[],"totalSpotLights":0,"spot_lights":[],"cuboids":[{"theta_deg":0.0,"scale":1.4767099618911744,"material":{"color":{"x":0.8882855176925659,"y":0.12219420820474625,"z":0.863338828086853,"w":0.7849380970001221},"metallic":0.508943498134613,"smoothness":0.9155375957489014}},{"theta_deg":93.17981719970703,"scale":2.2476372718811037,"material":{"color":{"x":0.8882855176925659,"y":0.12219420820474625,"z":0.863338828086853,"w":0.7849380970001221},"metallic":0.508943498134613,"smoothness":0.9155375957489014}}]}
 
(Filename: ./Runtime/Export/Debug/Debug.bindings.h Line: 35)

camera.radius: 10
 
(Filename: ./Runtime/Export/Debug/Debug.bindings.h Line: 35)

max_x: 0.3451662; max_y: 1.175247; min_y: 0
 
(Filename: ./Runtime/Export/Debug/Debug.bindings.h Line: 35)

CreateCrane in Update: after Starter:  newCrane==true; import ready_to_build == true;
 
(Filename: ./Runtime/Export/Debug/Debug.bindings.h Line: 35)

TCP_Server in LateUpdate: before CapturePNGasBytes: import newCrane == true;
 
(Filename: ./Runtime/Export/Debug/Debug.bindings.h Line: 35)

TCP_Server in LateUpdate: before CapturePNGasBytes: Time: 3.96138
 
(Filename: ./Runtime/Export/Debug/Debug.bindings.h Line: 35)

TCP_Server in LateUpdate: after CapturePNGasBytes:  ready_to_build==false; import newCrane == true;
 
(Filename: ./Runtime/Export/Debug/Debug.bindings.h Line: 35)

TCP_Server in LateUpdate: after CapturePNGasBytes: Time: 3.961437
 
(Filename: ./Runtime/Export/Debug/Debug.bindings.h Line: 35)

TCP_Server in CapturePNGasBytes: bytesPNG.Length: 41989
 
(Filename: ./Runtime/Export/Debug/Debug.bindings.h Line: 35)

TCP_Server in CapturePNGasBytes: sending PNG bytes: 
 
(Filename: ./Runtime/Export/Debug/Debug.bindings.h Line: 35)

TCP_Server in CapturePNGasBytes: try: stream.CanWrite
 
(Filename: ./Runtime/Export/Debug/Debug.bindings.h Line: 35)

TCP_Server in CapturePNGasBytes: stream.CanWrite==true
 
(Filename: ./Runtime/Export/Debug/Debug.bindings.h Line: 35)

TCP_Server in CapturePNGasBytes: message sent - picture should be received by client
 
(Filename: ./Runtime/Export/Debug/Debug.bindings.h Line: 35)

TCP_Server in ListenforMessages: Received data
 
(Filename: ./Runtime/Export/Debug/Debug.bindings.h Line: 35)

TCP_Server in ListenForMessages: eod. detected
 
(Filename: ./Runtime/Export/Debug/Debug.bindings.h Line: 35)

TCP_Server in ListenForMessages: jsonparameters: {"total_cuboids": 2, "same_scale": false, "same_theta": false, "same_material": false, "phi": 12.747731931577242, "resolution_width": 520, "resolution_height": 520, "cuboids": [{"theta_deg": 0, "scale": 0.7991759215157022, "material": {"color": {"x": 0.25755209063106244, "y": 0.3414934023350993, "z": 0.27286198416221585, "w": 0.9887922741442041}, "metallic": 0.42441726509746147, "smoothness": 0.4797678916116075}}, {"theta_deg": 67.93107294182694, "scale": 1.4102202988559045, "material": {"color": {"x": 0.38167867447341497, "y": 0.528848541282264, "z": 0.3738316094076948, "w": 0.7016503814840818}, "metallic": 0.6660349515491075, "smoothness": 0.5346899831705583}}], "total_branches": [1], "camera": {"radius": 10.0, "theta_deg": 63.07044717744266, "phi_deg": 232.36151358995647, "y_offset": 0, "resolution_width": 520, "resolution_height": 520, "FOV": 80}, "DirectionalLight": {"theta_deg": 82.4000016600181, "intensity": 0.3302275768945888}, "totalPointLights": 0, "totalSpotLights": 0}
 
(Filename: ./Runtime/Export/Debug/Debug.bindings.h Line: 35)

TCP_Server in ListenForMessages: ready_to_build == true
 
(Filename: ./Runtime/Export/Debug/Debug.bindings.h Line: 35)

TCP_Server in ListenForMessages: in nested while(true): Connected at: System.Net.Sockets.TcpClient
 
(Filename: ./Runtime/Export/Debug/Debug.bindings.h Line: 35)

TCP_Server in ListenForMessages: waiting for stream.Read()
 
(Filename: ./Runtime/Export/Debug/Debug.bindings.h Line: 35)

CreateCrane in Update: before Starter: import ready_to_build == true;
 
(Filename: ./Runtime/Export/Debug/Debug.bindings.h Line: 35)

CreateCrane in Starter; jsondata: {"total_cuboids":2,"total_branches":[1],"totalArms":0,"same_scale":false,"same_theta":false,"same_material":false,"phi":12.747732162475586,"del_phi":0.0,"camera":{"radius":10.0,"theta_deg":63.0704460144043,"phi_deg":232.36151123046876,"y_offset":0.0,"Object":{"m_FileID":0,"m_PathID":0},"resolution_width":520,"resolution_height":520,"FOV":80.0},"DirectionalLight":{"intensity":0.3302275836467743,"theta_deg":82.4000015258789},"totalPointLights":0,"point_lights":[],"totalSpotLights":0,"spot_lights":[],"cuboids":[{"theta_deg":0.0,"scale":0.7991759181022644,"material":{"color":{"x":0.2575520873069763,"y":0.3414933979511261,"z":0.2728619873523712,"w":0.9887923002243042},"metallic":0.42441725730895998,"smoothness":0.47976788878440859}},{"theta_deg":67.93107604980469,"scale":1.4102202653884888,"material":{"color":{"x":0.38167867064476015,"y":0.5288485288619995,"z":0.3738315999507904,"w":0.7016503810882568},"metallic":0.6660349369049072,"smoothness":0.5346899628639221}}]}
 
(Filename: ./Runtime/Export/Debug/Debug.bindings.h Line: 35)

camera.radius: 10
 
(Filename: ./Runtime/Export/Debug/Debug.bindings.h Line: 35)

max_x: 0.941787; max_y: 1.127879; min_y: 0
 
(Filename: ./Runtime/Export/Debug/Debug.bindings.h Line: 35)

CreateCrane in Update: after Starter:  newCrane==true; import ready_to_build == true;
 
(Filename: ./Runtime/Export/Debug/Debug.bindings.h Line: 35)

TCP_Server in LateUpdate: before CapturePNGasBytes: import newCrane == true;
 
(Filename: ./Runtime/Export/Debug/Debug.bindings.h Line: 35)

TCP_Server in LateUpdate: before CapturePNGasBytes: Time: 4.22852
 
(Filename: ./Runtime/Export/Debug/Debug.bindings.h Line: 35)

TCP_Server in LateUpdate: after CapturePNGasBytes:  ready_to_build==false; import newCrane == true;
 
(Filename: ./Runtime/Export/Debug/Debug.bindings.h Line: 35)

TCP_Server in LateUpdate: after CapturePNGasBytes: Time: 4.228629
 
(Filename: ./Runtime/Export/Debug/Debug.bindings.h Line: 35)

TCP_Server in CapturePNGasBytes: bytesPNG.Length: 39789
 
(Filename: ./Runtime/Export/Debug/Debug.bindings.h Line: 35)

TCP_Server in CapturePNGasBytes: sending PNG bytes: 
 
(Filename: ./Runtime/Export/Debug/Debug.bindings.h Line: 35)

TCP_Server in CapturePNGasBytes: try: stream.CanWrite
 
(Filename: ./Runtime/Export/Debug/Debug.bindings.h Line: 35)

TCP_Server in CapturePNGasBytes: stream.CanWrite==true
 
(Filename: ./Runtime/Export/Debug/Debug.bindings.h Line: 35)

TCP_Server in CapturePNGasBytes: message sent - picture should be received by client
 
(Filename: ./Runtime/Export/Debug/Debug.bindings.h Line: 35)

TCP_Server in ListenforMessages: Received data
 
(Filename: ./Runtime/Export/Debug/Debug.bindings.h Line: 35)

TCP_Server in ListenForMessages: eod. detected
 
(Filename: ./Runtime/Export/Debug/Debug.bindings.h Line: 35)

TCP_Server in ListenForMessages: jsonparameters: {"total_cuboids": 2, "same_scale": false, "same_theta": false, "same_material": true, "phi": 153.2485668139507, "resolution_width": 520, "resolution_height": 520, "cuboids": [{"theta_deg": 0, "scale": 0.725494666467938, "material": {"color": {"x": 0.9429433860043945, "y": 0.6305134591824304, "z": 0.5770860434260436, "w": 0.6592143537759488}, "metallic": 0.704297442190793, "smoothness": 0.8708712092283957}}, {"theta_deg": 98.91266619800945, "scale": 2.2215238808143254, "material": {"color": {"x": 0.9429433860043945, "y": 0.6305134591824304, "z": 0.5770860434260436, "w": 0.6592143537759488}, "metallic": 0.704297442190793, "smoothness": 0.8708712092283957}}], "total_branches": [1], "camera": {"radius": 10.0, "theta_deg": 92.91525492318209, "phi_deg": 151.7483084783881, "y_offset": 0, "resolution_width": 520, "resolution_height": 520, "FOV": 80}, "DirectionalLight": {"theta_deg": 84.21818701339842, "intensity": 0.8390469997887021}, "totalPointLights": 0, "totalSpotLights": 0}
 
(Filename: ./Runtime/Export/Debug/Debug.bindings.h Line: 35)

TCP_Server in ListenForMessages: ready_to_build == true
 
(Filename: ./Runtime/Export/Debug/Debug.bindings.h Line: 35)

TCP_Server in ListenForMessages: in nested while(true): Connected at: System.Net.Sockets.TcpClient
 
(Filename: ./Runtime/Export/Debug/Debug.bindings.h Line: 35)

TCP_Server in ListenForMessages: waiting for stream.Read()
 
(Filename: ./Runtime/Export/Debug/Debug.bindings.h Line: 35)

CreateCrane in Update: before Starter: import ready_to_build == true;
 
(Filename: ./Runtime/Export/Debug/Debug.bindings.h Line: 35)

CreateCrane in Starter; jsondata: {"total_cuboids":2,"total_branches":[1],"totalArms":0,"same_scale":false,"same_theta":false,"same_material":true,"phi":153.24856567382813,"del_phi":0.0,"camera":{"radius":10.0,"theta_deg":92.91525268554688,"phi_deg":151.74830627441407,"y_offset":0.0,"Object":{"m_FileID":0,"m_PathID":0},"resolution_width":520,"resolution_height":520,"FOV":80.0},"DirectionalLight":{"intensity":0.8390470147132874,"theta_deg":84.21818542480469},"totalPointLights":0,"point_lights":[],"totalSpotLights":0,"spot_lights":[],"cuboids":[{"theta_deg":0.0,"scale":0.7254946827888489,"material":{"color":{"x":0.9429433941841126,"y":0.6305134296417236,"z":0.5770860314369202,"w":0.6592143774032593},"metallic":0.7042974233627319,"smoothness":0.8708711862564087}},{"theta_deg":98.91266632080078,"scale":2.2215237617492677,"material":{"color":{"x":0.9429433941841126,"y":0.6305134296417236,"z":0.5770860314369202,"w":0.6592143774032593},"metallic":0.7042974233627319,"smoothness":0.8708711862564087}}]}
 
(Filename: ./Runtime/Export/Debug/Debug.bindings.h Line: 35)

camera.radius: 10
 
(Filename: ./Runtime/Export/Debug/Debug.bindings.h Line: 35)

max_x: 0; max_y: 0.6846211; min_y: 0
 
(Filename: ./Runtime/Export/Debug/Debug.bindings.h Line: 35)

CreateCrane in Update: after Starter:  newCrane==true; import ready_to_build == true;
 
(Filename: ./Runtime/Export/Debug/Debug.bindings.h Line: 35)

TCP_Server in LateUpdate: before CapturePNGasBytes: import newCrane == true;
 
(Filename: ./Runtime/Export/Debug/Debug.bindings.h Line: 35)

TCP_Server in LateUpdate: before CapturePNGasBytes: Time: 4.493117
 
(Filename: ./Runtime/Export/Debug/Debug.bindings.h Line: 35)

TCP_Server in LateUpdate: after CapturePNGasBytes:  ready_to_build==false; import newCrane == true;
 
(Filename: ./Runtime/Export/Debug/Debug.bindings.h Line: 35)

TCP_Server in LateUpdate: after CapturePNGasBytes: Time: 4.493147
 
(Filename: ./Runtime/Export/Debug/Debug.bindings.h Line: 35)

TCP_Server in CapturePNGasBytes: bytesPNG.Length: 71231
 
(Filename: ./Runtime/Export/Debug/Debug.bindings.h Line: 35)

TCP_Server in CapturePNGasBytes: sending PNG bytes: 
 
(Filename: ./Runtime/Export/Debug/Debug.bindings.h Line: 35)

TCP_Server in CapturePNGasBytes: try: stream.CanWrite
 
(Filename: ./Runtime/Export/Debug/Debug.bindings.h Line: 35)

TCP_Server in CapturePNGasBytes: stream.CanWrite==true
 
(Filename: ./Runtime/Export/Debug/Debug.bindings.h Line: 35)

TCP_Server in CapturePNGasBytes: message sent - picture should be received by client
 
(Filename: ./Runtime/Export/Debug/Debug.bindings.h Line: 35)

TCP_Server in ListenforMessages: Received data
 
(Filename: ./Runtime/Export/Debug/Debug.bindings.h Line: 35)

TCP_Server in ListenForMessages: eod. detected
 
(Filename: ./Runtime/Export/Debug/Debug.bindings.h Line: 35)

TCP_Server in ListenForMessages: jsonparameters: {"total_cuboids": 2, "same_scale": true, "same_theta": false, "same_material": false, "phi": 140.40966021609003, "resolution_width": 520, "resolution_height": 520, "cuboids": [{"theta_deg": 0, "scale": 3.692263547476046, "material": {"color": {"x": 0.14460086920315673, "y": 0.4750751031179479, "z": 0.6756891958877084, "w": 0.5782484686153935}, "metallic": 0.9204679602398408, "smoothness": 0.7399591414756974}}, {"theta_deg": 174.59872180446058, "scale": 3.692263547476046, "material": {"color": {"x": 0.8305941044880069, "y": 0.45347853275376626, "z": 0.92302882058714, "w": 0.829104399810154}, "metallic": 0.7480721190548045, "smoothness": 0.6604708321356103}}], "total_branches": [1], "camera": {"radius": 10.0, "theta_deg": 81.42705886648876, "phi_deg": 110.08489582680053, "y_offset": 0, "resolution_width": 520, "resolution_height": 520, "FOV": 80}, "DirectionalLight": {"theta_deg": 80.95411476659535, "intensity": 0.3622419800958542}, "totalPointLights": 0, "totalSpotLights": 0}
 
(Filename: ./Runtime/Export/Debug/Debug.bindings.h Line: 35)

TCP_Server in ListenForMessages: ready_to_build == true
 
(Filename: ./Runtime/Export/Debug/Debug.bindings.h Line: 35)

TCP_Server in ListenForMessages: in nested while(true): Connected at: System.Net.Sockets.TcpClient
 
(Filename: ./Runtime/Export/Debug/Debug.bindings.h Line: 35)

TCP_Server in ListenForMessages: waiting for stream.Read()
 
(Filename: ./Runtime/Export/Debug/Debug.bindings.h Line: 35)

CreateCrane in Update: before Starter: import ready_to_build == true;
 
(Filename: ./Runtime/Export/Debug/Debug.bindings.h Line: 35)

CreateCrane in Starter; jsondata: {"total_cuboids":2,"total_branches":[1],"totalArms":0,"same_scale":true,"same_theta":false,"same_material":false,"phi":140.40965270996095,"del_phi":0.0,"camera":{"radius":10.0,"theta_deg":81.42705535888672,"phi_deg":110.08489227294922,"y_offset":0.0,"Object":{"m_FileID":0,"m_PathID":0},"resolution_width":520,"resolution_height":520,"FOV":80.0},"DirectionalLight":{"intensity":0.3622419834136963,"theta_deg":80.95411682128906},"totalPointLights":0,"point_lights":[],"totalSpotLights":0,"spot_lights":[],"cuboids":[{"theta_deg":0.0,"scale":3.692263603210449,"material":{"color":{"x":0.14460086822509767,"y":0.4750750958919525,"z":0.6756892204284668,"w":0.5782484412193298},"metallic":0.9204679727554321,"smoothness":0.7399591207504273}},{"theta_deg":174.59872436523438,"scale":3.692263603210449,"material":{"color":{"x":0.8305941224098206,"y":0.45347854495048525,"z":0.923028826713562,"w":0.8291044235229492},"metallic":0.7480721473693848,"smoothness":0.6604708433151245}}]}
 
(Filename: ./Runtime/Export/Debug/Debug.bindings.h Line: 35)

camera.radius: 10
 
(Filename: ./Runtime/Export/Debug/Debug.bindings.h Line: 35)

max_x: 0; max_y: 0.05526221; min_y: 0
 
(Filename: ./Runtime/Export/Debug/Debug.bindings.h Line: 35)

CreateCrane in Update: after Starter:  newCrane==true; import ready_to_build == true;
 
(Filename: ./Runtime/Export/Debug/Debug.bindings.h Line: 35)

TCP_Server in LateUpdate: before CapturePNGasBytes: import newCrane == true;
 
(Filename: ./Runtime/Export/Debug/Debug.bindings.h Line: 35)

TCP_Server in LateUpdate: before CapturePNGasBytes: Time: 4.7601
 
(Filename: ./Runtime/Export/Debug/Debug.bindings.h Line: 35)

TCP_Server in LateUpdate: after CapturePNGasBytes:  ready_to_build==false; import newCrane == true;
 
(Filename: ./Runtime/Export/Debug/Debug.bindings.h Line: 35)

TCP_Server in LateUpdate: after CapturePNGasBytes: Time: 4.760155
 
(Filename: ./Runtime/Export/Debug/Debug.bindings.h Line: 35)

TCP_Server in CapturePNGasBytes: bytesPNG.Length: 48916
 
(Filename: ./Runtime/Export/Debug/Debug.bindings.h Line: 35)

TCP_Server in CapturePNGasBytes: sending PNG bytes: 
 
(Filename: ./Runtime/Export/Debug/Debug.bindings.h Line: 35)

TCP_Server in CapturePNGasBytes: try: stream.CanWrite
 
(Filename: ./Runtime/Export/Debug/Debug.bindings.h Line: 35)

TCP_Server in CapturePNGasBytes: stream.CanWrite==true
 
(Filename: ./Runtime/Export/Debug/Debug.bindings.h Line: 35)

TCP_Server in CapturePNGasBytes: message sent - picture should be received by client
 
(Filename: ./Runtime/Export/Debug/Debug.bindings.h Line: 35)

TCP_Server in ListenforMessages: Received data
 
(Filename: ./Runtime/Export/Debug/Debug.bindings.h Line: 35)

TCP_Server in ListenForMessages: eod. detected
 
(Filename: ./Runtime/Export/Debug/Debug.bindings.h Line: 35)

TCP_Server in ListenForMessages: jsonparameters: {"total_cuboids": 2, "same_scale": false, "same_theta": false, "same_material": false, "phi": 194.9750232519842, "resolution_width": 520, "resolution_height": 520, "cuboids": [{"theta_deg": 0, "scale": 0.8754987234602593, "material": {"color": {"x": 0.9383146683469685, "y": 0.25418853835185573, "z": 0.7886512287544085, "w": 0.9156014297023936}, "metallic": 0.2493643625954649, "smoothness": 0.7579615361112463}}, {"theta_deg": 41.97948030504613, "scale": 2.1293789634395788, "material": {"color": {"x": 0.9605446490606855, "y": 0.9143260971956823, "z": 0.17664182013428853, "w": 0.975408936375834}, "metallic": 0.8005032317776166, "smoothness": 0.8839547287932313}}], "total_branches": [1], "camera": {"radius": 10.0, "theta_deg": 97.16192714962595, "phi_deg": 208.73621850828638, "y_offset": 0, "resolution_width": 520, "resolution_height": 520, "FOV": 80}, "DirectionalLight": {"theta_deg": 82.57182110889995, "intensity": 0.3585104587005886}, "totalPointLights": 0, "totalSpotLights": 0}
 
(Filename: ./Runtime/Export/Debug/Debug.bindings.h Line: 35)

TCP_Server in ListenForMessages: ready_to_build == true
 
(Filename: ./Runtime/Export/Debug/Debug.bindings.h Line: 35)

TCP_Server in ListenForMessages: in nested while(true): Connected at: System.Net.Sockets.TcpClient
 
(Filename: ./Runtime/Export/Debug/Debug.bindings.h Line: 35)

TCP_Server in ListenForMessages: waiting for stream.Read()
 
(Filename: ./Runtime/Export/Debug/Debug.bindings.h Line: 35)

CreateCrane in Update: before Starter: import ready_to_build == true;
 
(Filename: ./Runtime/Export/Debug/Debug.bindings.h Line: 35)

CreateCrane in Starter; jsondata: {"total_cuboids":2,"total_branches":[1],"totalArms":0,"same_scale":false,"same_theta":false,"same_material":false,"phi":194.9750213623047,"del_phi":0.0,"camera":{"radius":10.0,"theta_deg":97.16192626953125,"phi_deg":208.73622131347657,"y_offset":0.0,"Object":{"m_FileID":0,"m_PathID":0},"resolution_width":520,"resolution_height":520,"FOV":80.0},"DirectionalLight":{"intensity":0.35851046442985537,"theta_deg":82.57182312011719},"totalPointLights":0,"point_lights":[],"totalSpotLights":0,"spot_lights":[],"cuboids":[{"theta_deg":0.0,"scale":0.8754987120628357,"material":{"color":{"x":0.93831467628479,"y":0.25418853759765627,"z":0.7886512279510498,"w":0.9156014323234558},"metallic":0.24936436116695405,"smoothness":0.7579615116119385}},{"theta_deg":41.9794807434082,"scale":2.1293790340423586,"material":{"color":{"x":0.9605446457862854,"y":0.9143260717391968,"z":0.1766418218612671,"w":0.9754089117050171},"metallic":0.8005032539367676,"smoothness":0.8839547038078308}}]}
 
(Filename: ./Runtime/Export/Debug/Debug.bindings.h Line: 35)

camera.radius: 10
 
(Filename: ./Runtime/Export/Debug/Debug.bindings.h Line: 35)

max_x: 0; max_y: 1.563655; min_y: 0
 
(Filename: ./Runtime/Export/Debug/Debug.bindings.h Line: 35)

CreateCrane in Update: after Starter:  newCrane==true; import ready_to_build == true;
 
(Filename: ./Runtime/Export/Debug/Debug.bindings.h Line: 35)

TCP_Server in LateUpdate: before CapturePNGasBytes: import newCrane == true;
 
(Filename: ./Runtime/Export/Debug/Debug.bindings.h Line: 35)

TCP_Server in LateUpdate: before CapturePNGasBytes: Time: 5.009483
 
(Filename: ./Runtime/Export/Debug/Debug.bindings.h Line: 35)

TCP_Server in LateUpdate: after CapturePNGasBytes:  ready_to_build==false; import newCrane == true;
 
(Filename: ./Runtime/Export/Debug/Debug.bindings.h Line: 35)

TCP_Server in LateUpdate: after CapturePNGasBytes: Time: 5.009513
 
(Filename: ./Runtime/Export/Debug/Debug.bindings.h Line: 35)

TCP_Server in CapturePNGasBytes: bytesPNG.Length: 88328
 
(Filename: ./Runtime/Export/Debug/Debug.bindings.h Line: 35)

TCP_Server in CapturePNGasBytes: sending PNG bytes: 
 
(Filename: ./Runtime/Export/Debug/Debug.bindings.h Line: 35)

TCP_Server in CapturePNGasBytes: try: stream.CanWrite
 
(Filename: ./Runtime/Export/Debug/Debug.bindings.h Line: 35)

TCP_Server in CapturePNGasBytes: stream.CanWrite==true
 
(Filename: ./Runtime/Export/Debug/Debug.bindings.h Line: 35)

TCP_Server in CapturePNGasBytes: message sent - picture should be received by client
 
(Filename: ./Runtime/Export/Debug/Debug.bindings.h Line: 35)

TCP_Server in ListenforMessages: Received data
 
(Filename: ./Runtime/Export/Debug/Debug.bindings.h Line: 35)

TCP_Server in ListenForMessages: eod. detected
 
(Filename: ./Runtime/Export/Debug/Debug.bindings.h Line: 35)

TCP_Server in ListenForMessages: END.eod. detected
 
(Filename: ./Runtime/Export/Debug/Debug.bindings.h Line: 35)

TCP_Server in ListenForMessages: set: server.Stop(); running_session==false
 
(Filename: ./Runtime/Export/Debug/Debug.bindings.h Line: 35)

TCP_Server in LateUpdate: running_session == false; now closing Unity.
 
(Filename: ./Runtime/Export/Debug/Debug.bindings.h Line: 35)

